C51 COMPILER V9.54   IIC                                                                   06/17/2022 10:09:22 PAGE 1   


C51 COMPILER V9.54, COMPILATION OF MODULE IIC
OBJECT MODULE PLACED IN ..\OBJ\IIC.obj
COMPILER INVOKED BY: F:\Keil5\C51\BIN\C51.EXE ..\HARDWARE\IIC\IIC.c OMF2 OPTIMIZE(8,SPEED) BROWSE INCDIR(..\USER;..\HARD
                    -WARE\AT24C02;..\HARDWARE\MatrixKeyboard;..\HARDWARE\NixieTube;..\HARDWARE\PCF8591;..\HARDWARE\IIC) DEBUG PRINT(.\Listing
                    -s\IIC.lst) TABS(2) OBJECT(..\OBJ\IIC.obj)

line level    source

   1          #include "IIC.h"
   2          sbit IIC_SCL = P3^6;
   3          sbit IIC_SDA = P3^4;
   4          /**
   5          *51单片机没有IIC接口 所以需要模拟IIC时序
   6          */
   7          //OLED 时钟线和数据线
   8          /**
   9          *注意拉高电平需要的时间
  10          */
  11          //1.起始信号
  12          void IIC_Start(){
  13   1        //IIC_SCL高电平期间，IIC_SDA由高到低为起始信号
  14   1        IIC_SDA = 1;
  15   1        IIC_SCL = 1;
  16   1        IIC_SDA = 0;
  17   1        IIC_SCL = 0;
  18   1        
  19   1      }
  20          //2.终止信号
  21          void IIC_Stop(){
  22   1        //IIC_SCL高电平期间，IIC_SDA由低到高为终止信号
  23   1        IIC_SCL = 0;
  24   1        IIC_SDA = 0;
  25   1        IIC_SCL = 1;
  26   1        IIC_SDA = 1;
  27   1        
  28   1      }
  29          //3.发送数据
  30          void IIC_SendByte(u8 Byte){
  31   1        u8 i;
  32   1        for(i=0;i<8;i++){
  33   2          //从最高位依次赋值给IIC_SDA数据线上
  34   2          IIC_SDA = Byte&(0x80>>i); 
  35   2          //IIC_SCL高电平时 IIC_SDA才发送
  36   2          IIC_SCL = 1;
  37   2          IIC_SCL = 0;
  38   2        }
  39   1      }
  40          //4.接收数据
  41          u8 IIC_ReceiveByte(){
  42   1        u8 i,Byte=0x00;
  43   1        //拉高电平 释放线权
  44   1        IIC_SDA = 1;
  45   1        for(i=0;i<8;i++){
  46   2          //IIC_SCL和IIC_SDA均为高电平释放线权
  47   2          IIC_SCL = 1;
  48   2          if(IIC_SDA){
  49   3            Byte|=(0x80>>i);
  50   3          }
  51   2          IIC_SCL = 0;
  52   2        }
  53   1        return Byte;
C51 COMPILER V9.54   IIC                                                                   06/17/2022 10:09:22 PAGE 2   

  54   1      }
  55          //5.发送应答位
  56          void IIC_SendAck(u8 ack){
  57   1        IIC_SDA = ack;
  58   1        IIC_SCL = 1;
  59   1        IIC_SCL = 0;
  60   1        
  61   1      }
  62          //6.接收应答
  63          u8 IIC_ReceiveAck(){
  64   1        u8 ack;
  65   1        //SDA拉高 释放线权给从机
  66   1        IIC_SDA = 1;
  67   1        IIC_SCL = 1;
  68   1        ack = IIC_SDA;
  69   1        IIC_SCL = 0;
  70   1        return ack;
  71   1      }


MODULE INFORMATION:   STATIC OVERLAYABLE
   CODE SIZE        =    111    ----
   CONSTANT SIZE    =   ----    ----
   XDATA SIZE       =   ----    ----
   PDATA SIZE       =   ----    ----
   DATA SIZE        =   ----    ----
   IDATA SIZE       =   ----    ----
   BIT SIZE         =   ----    ----
   EDATA SIZE       =   ----    ----
   HDATA SIZE       =   ----    ----
   XDATA CONST SIZE =   ----    ----
   FAR CONST SIZE   =   ----    ----
END OF MODULE INFORMATION.


C51 COMPILATION COMPLETE.  0 WARNING(S),  0 ERROR(S)
